\BOOKMARK [0][-]{chapter.1}{\376\377\000V\036\244\000N\000\040\001\020\036\300\000\040\000I}{}% 1
\BOOKMARK [1][-]{section.1.1}{\376\377\000Y\000\352\000u\000\040\000c\036\247\000u}{chapter.1}% 2
\BOOKMARK [1][-]{section.1.2}{\376\377\000C\000\341\000c\000\040\000b\001\260\036\333\000c\000\040\000t\000i\036\277\000n\000\040\000h\000\340\000n\000h}{chapter.1}% 3
\BOOKMARK [1][-]{section.1.3}{\376\377\000C\000o\000d\000e\000\040\000t\000h\036\361\000c\000\040\000t\036\277\000\040\000v\000\340\000\040\000m\000\364\000\040\000t\036\243\000\040\000c\000h\000i\000\040\000t\000i\036\277\000t}{chapter.1}% 4
\BOOKMARK [2][-]{subsection.1.3.1}{\376\377\000H\000\340\000m\000\040\000c\000h\000\355\000n\000h}{section.1.3}% 5
\BOOKMARK [2][-]{subsection.1.3.2}{\376\377\000C\000h\000i\000\040\000t\000i\036\277\000t\000\040\000c\000\341\000c\000\040\000t\000h\000a\000o\000\040\000t\000\341\000c}{section.1.3}% 6
\BOOKMARK [1][-]{section.1.4}{\376\377\000K\036\277\000t\000\040\000q\000u\036\243\000\040\000v\000\340\000\040\001\021\000\341\000n\000h\000\040\000g\000i\000\341}{chapter.1}% 7
\BOOKMARK [2][-]{subsection.1.4.1}{\376\377\000K\036\277\000t\000\040\000q\000u\036\243\000:}{section.1.4}% 8
\BOOKMARK [2][-]{subsection.1.4.2}{\376\377\001\020\000\341\000n\000h\000\040\000g\000i\000\341\000:}{section.1.4}% 9
\BOOKMARK [0][-]{chapter.2}{\376\377\000V\036\244\000N\000\040\001\020\036\300\000\040\000I\000I}{}% 10
\BOOKMARK [1][-]{section.2.1}{\376\377\000Y\000\352\000u\000\040\000c\036\247\000u}{chapter.2}% 11
\BOOKMARK [1][-]{section.2.2}{\376\377\000C\000\341\000c\000\040\000b\001\260\036\333\000c\000\040\000t\000i\036\277\000n\000\040\000h\000\340\000n\000h}{chapter.2}% 12
\BOOKMARK [1][-]{section.2.3}{\376\377\000C\000o\000d\000e\000\040\000t\000h\036\361\000c\000\040\000t\036\277\000\040\000v\000\340\000\040\000m\000\364\000\040\000t\036\243\000\040\000c\000h\000i\000\040\000t\000i\036\277\000t}{chapter.2}% 13
\BOOKMARK [2][-]{subsection.2.3.1}{\376\377\000H\000\340\000m\000\040\000c\000h\000\355\000n\000h}{section.2.3}% 14
\BOOKMARK [2][-]{subsection.2.3.2}{\376\377\000C\000h\000i\000\040\000t\000i\036\277\000t\000\040\000c\000\341\000c\000\040\000t\000h\000a\000o\000\040\000t\000\341\000c}{section.2.3}% 15
\BOOKMARK [1][-]{section.2.4}{\376\377\000K\036\277\000t\000\040\000q\000u\036\243\000\040\000v\000\340\000\040\001\020\000\341\000n\000h\000\040\000g\000i\000\341}{chapter.2}% 16
\BOOKMARK [2][-]{subsection.2.4.1}{\376\377\000K\036\277\000t\000\040\000q\000u\036\243}{section.2.4}% 17
\BOOKMARK [2][-]{subsection.2.4.2}{\376\377\001\020\000\341\000n\000h\000\040\000g\000i\000\341}{section.2.4}% 18
\BOOKMARK [0][-]{chapter.3}{\376\377\000V\036\244\000N\000\040\001\020\036\300\000\040\000I\000I\000I}{}% 19
\BOOKMARK [1][-]{section.3.1}{\376\377\000Y\000\352\000u\000\040\000c\036\247\000u}{chapter.3}% 20
\BOOKMARK [1][-]{section.3.2}{\376\377\000C\000\341\000c\000\040\000b\001\260\036\333\000c\000\040\000t\000i\036\277\000n\000\040\000h\000\340\000n\000h}{chapter.3}% 21
\BOOKMARK [1][-]{section.3.3}{\376\377\000C\000o\000d\000e\000\040\000t\000h\036\361\000c\000\040\000t\036\277\000\040\000v\000\340\000\040\000m\000\364\000\040\000t\036\243\000\040\000c\000h\000i\000\040\000t\000i\036\277\000t}{chapter.3}% 22
\BOOKMARK [2][-]{subsection.3.3.1}{\376\377\000H\000\340\000m\000\040\000c\000h\000\355\000n\000h}{section.3.3}% 23
\BOOKMARK [2][-]{subsection.3.3.2}{\376\377\000C\000h\000i\000\040\000t\000i\036\277\000t\000\040\000c\000\341\000c\000\040\000t\000h\000a\000o\000\040\000t\000\341\000c}{section.3.3}% 24
\BOOKMARK [1][-]{section.3.4}{\376\377\000K\036\277\000t\000\040\000q\000u\036\243\000\040\000v\000\340\000\040\001\021\000\341\000n\000h\000\040\000g\000i\000\341}{chapter.3}% 25
\BOOKMARK [2][-]{subsection.3.4.1}{\376\377\000K\036\277\000t\000\040\000q\000u\036\243\000:}{section.3.4}% 26
\BOOKMARK [2][-]{subsection.3.4.2}{\376\377\001\020\000\341\000n\000h\000\040\000g\000i\000\341\000:}{section.3.4}% 27
\BOOKMARK [0][-]{chapter.4}{\376\377\000V\036\244\000N\000\040\001\020\036\300\000\040\000I\000V}{}% 28
\BOOKMARK [1][-]{section.4.1}{\376\377\000Y\000\352\000u\000\040\000c\036\247\000u}{chapter.4}% 29
\BOOKMARK [1][-]{section.4.2}{\376\377\000C\000\341\000c\000\040\000b\001\260\036\333\000c\000\040\000t\000i\036\277\000n\000\040\000h\000\340\000n\000h}{chapter.4}% 30
\BOOKMARK [2][-]{subsection.4.2.1}{\376\377\000Y\000\352\000u\000\040\000c\036\247\000u\000\040\0001}{section.4.2}% 31
\BOOKMARK [2][-]{subsection.4.2.2}{\376\377\000Y\000\352\000u\000\040\000c\036\247\000u\000\040\0002}{section.4.2}% 32
\BOOKMARK [1][-]{section.4.3}{\376\377\000X\036\355\000\040\000l\000\375\000\040\000y\000\352\000u\000\040\000c\036\247\000u\000\040\0001}{chapter.4}% 33
\BOOKMARK [2][-]{subsection.4.3.1}{\376\377\000C\000o\000d\000e\000\040\000t\000h\036\361\000c\000\040\000t\036\277\000\040\000v\000\340\000\040\000m\000\364\000\040\000t\036\243\000\040\000c\000h\000i\000\040\000t\000i\036\277\000t}{section.4.3}% 34
\BOOKMARK [2][-]{subsection.4.3.2}{\376\377\000K\036\277\000t\000\040\000q\000u\036\243\000\040\000v\000\340\000\040\001\020\000\341\000n\000h\000\040\000g\000i\000\341}{section.4.3}% 35
\BOOKMARK [1][-]{section.4.4}{\376\377\000X\036\355\000\040\000l\000\375\000\040\000y\000\352\000u\000\040\000c\036\247\000u\000\040\0002}{chapter.4}% 36
\BOOKMARK [2][-]{subsection.4.4.1}{\376\377\000C\000h\036\315\000n\000\040\000m\000o\000d\000e\000l\000\040\000v\000\340\000\040\000f\000e\000a\000t\000u\000r\000e\000\040\001\021\036\303\000\040\000x\036\355\000\040\000l\000\375}{section.4.4}% 37
\BOOKMARK [2][-]{subsection.4.4.2}{\376\377\000C\000o\000d\000e\000\040\000t\000h\036\361\000c\000\040\000t\036\277\000\040\000v\000\340\000\040\000m\000\364\000\040\000t\036\243}{section.4.4}% 38
\BOOKMARK [2][-]{subsection.4.4.3}{\376\377\000K\000i\036\303\000m\000\040\000t\000h\036\355\000\040\000v\000\340\000\040\001\021\000\341\000n\000h\000\040\000g\000i\000\341}{section.4.4}% 39
